<?xml version="1.0" encoding="UTF-8"?>
<testng-results ignored="0" total="1" passed="1" failed="0" skipped="0">
  <reporter-output>
  </reporter-output>
  <suite started-at="2024-08-08T17:03:16 IST" name="Default suite" finished-at="2024-08-08T17:03:27 IST" duration-ms="10450">
    <groups>
    </groups>
    <test started-at="2024-08-08T17:03:16 IST" name="Default test" finished-at="2024-08-08T17:03:27 IST" duration-ms="10450">
      <class name="AutoIt.AutoIt">
        <test-method signature="autoIt()[pri:0, instance:AutoIt.AutoIt@3835c46]" started-at="2024-08-08T17:03:16 IST" name="autoIt" finished-at="2024-08-08T17:03:27 IST" duration-ms="10288" status="PASS">
          <reporter-output>
          </reporter-output>
        </test-method> <!-- autoIt -->
      </class> <!-- AutoIt.AutoIt -->
    </test> <!-- Default test -->
  </suite> <!-- Default suite -->
</testng-results>
